{"/workspace/exercise-unit-test-with-jest/app.js": {"path":"/workspace/exercise-unit-test-with-jest/app.js","statementMap":{"0":{"start":{"line":13,"column":16},"end":{"line":17,"column":1}},"1":{"start":{"line":20,"column":26},"end":{"line":20,"column":45}},"2":{"start":{"line":22,"column":4},"end":{"line":22,"column":26}},"3":{"start":{"line":24,"column":0},"end":{"line":24,"column":31}},"4":{"start":{"line":27,"column":24},"end":{"line":27,"column":45}},"5":{"start":{"line":28,"column":4},"end":{"line":28,"column":24}},"6":{"start":{"line":31,"column":0},"end":{"line":31,"column":31}},"7":{"start":{"line":34,"column":20},"end":{"line":34,"column":59}},"8":{"start":{"line":35,"column":22},"end":{"line":35,"column":43}},"9":{"start":{"line":36,"column":4},"end":{"line":36,"column":22}},"10":{"start":{"line":41,"column":19},"end":{"line":41,"column":38}},"11":{"start":{"line":42,"column":4},"end":{"line":42,"column":18}},"12":{"start":{"line":46,"column":20},"end":{"line":46,"column":47}},"13":{"start":{"line":47,"column":4},"end":{"line":47,"column":20}},"14":{"start":{"line":50,"column":0},"end":{"line":50,"column":60}},"15":{"start":{"line":52,"column":0},"end":{"line":52,"column":29}}},"fnMap":{"0":{"name":"eurosToDollars","decl":{"start":{"line":19,"column":9},"end":{"line":19,"column":23}},"loc":{"start":{"line":19,"column":38},"end":{"line":23,"column":1}},"line":19},"1":{"name":"dollarsToEuros","decl":{"start":{"line":26,"column":9},"end":{"line":26,"column":23}},"loc":{"start":{"line":26,"column":40},"end":{"line":30,"column":1}},"line":26},"2":{"name":"dollarsToYen","decl":{"start":{"line":33,"column":9},"end":{"line":33,"column":21}},"loc":{"start":{"line":33,"column":38},"end":{"line":38,"column":1}},"line":33},"3":{"name":"yenToEuro","decl":{"start":{"line":40,"column":9},"end":{"line":40,"column":18}},"loc":{"start":{"line":40,"column":32},"end":{"line":43,"column":1}},"line":40},"4":{"name":"yenToPound","decl":{"start":{"line":45,"column":9},"end":{"line":45,"column":19}},"loc":{"start":{"line":45,"column":32},"end":{"line":48,"column":1}},"line":45}},"branchMap":{},"s":{"0":1,"1":3,"2":3,"3":1,"4":1,"5":1,"6":1,"7":1,"8":1,"9":1,"10":2,"11":2,"12":2,"13":2,"14":1,"15":1},"f":{"0":3,"1":1,"2":1,"3":2,"4":2},"b":{},"_coverageSchema":"1a1c01bbd47fc00a2c39e90264f33305004495a9","hash":"4c09a5b30e1833cfc349ac252e22a6fb72a641a0"}
}
